<?xml version="1.0" encoding="UTF-8"?>
<!-- Generated by org.testng.reporters.JUnitXMLReporter -->
<testsuite ignored="0" hostname="WIN-CNIQ7GSBK1T" failures="1" tests="1" name="chromeTest" time="36.489" errors="0" timestamp="2024-08-14T00:27:17 IST">
  <testcase classname="com.vig.practice.testcases.TC002_Login" name="accountLogin" time="21.687">
    <failure type="java.lang.AssertionError" message="expected [true] but found [false]">
      <![CDATA[java.lang.AssertionError: expected [true] but found [false]
at com.vig.practice.testcases.TC002_Login.accountLogin(TC002_Login.java:36)
at java.base/java.util.ArrayList.forEach(ArrayList.java:1511)
... Removed 31 stack frames]]>
    </failure>
  </testcase> <!-- accountLogin -->
</testsuite> <!-- chromeTest -->
